<?xml version="1.0" encoding="UTF-8"?>
<!-- Generated by org.testng.reporters.JUnitReportReporter -->
<testsuite skipped="0" hostname="DESKTOP-JK3BDS7" name="test.Testapi" tests="2" failures="0" timestamp="24 Jun 2021 12:30:14 GMT" time="4.517" errors="0">
  <testcase name="testcase1" time="2.870" classname="test.Testapi"/>
  <testcase name="testcase2" time="1.647" classname="test.Testapi"/>
</testsuite> <!-- test.Testapi -->
